<?xml version="1.0" encoding="UTF-8"?>
<!-- Generated by org.testng.reporters.JUnitReportReporter -->
<testsuite hostname="CTMK-KNEUMOVA" failures="0" tests="10" name="assignmentTestSuite.TestCase2" time="2.717" errors="0" timestamp="2022-11-09T20:28:12 CET" skipped="0">
  <testcase classname="assignmentTestSuite.TestCase2" name="open" time="0.538"/>
  <system-out>
    <![CDATA[Launching Chrome browser and opening url defined by baseUrl variable]]>
  </system-out>
  <testcase classname="assignmentTestSuite.TestCase2" name="login" time="0.416"/>
  <system-out>
    <![CDATA[Wait until login wrapper element is visible.
Filling in username and password text input elements
Log in using login button]]>
  </system-out>
  <testcase classname="assignmentTestSuite.TestCase2" name="clickSauceLabsBackpack" time="0.162"/>
  <system-out/>
  <testcase classname="assignmentTestSuite.TestCase2" name="verifySauceLabsBackpackTitle" time="0.304"/>
  <system-out/>
  <testcase classname="assignmentTestSuite.TestCase2" name="backToProducts" time="0.129"/>
  <system-out/>
  <testcase classname="assignmentTestSuite.TestCase2" name="addFleeceJacketToCart" time="0.247"/>
  <system-out/>
  <testcase classname="assignmentTestSuite.TestCase2" name="openShoppingCartPage" time="0.117"/>
  <system-out/>
  <testcase classname="assignmentTestSuite.TestCase2" name="checkoutOrder" time="0.127"/>
  <system-out/>
  <testcase classname="assignmentTestSuite.TestCase2" name="fillCheckoutForm" time="0.618"/>
  <system-out/>
  <testcase classname="assignmentTestSuite.TestCase2" name="verifyThankYou" time="0.059"/>
  <system-out/>
</testsuite> <!-- assignmentTestSuite.TestCase2 -->
